app/build/outputs/logs/manifest-merger-debug-report.txt
-- Merging decision tree log ---
manifest
ADDED from src\main\AndroidManifest.xml:2:1-69:12
	package
		ADDED from src\main\AndroidManifest.xml:3:5-31
		INJECTED from src\main\AndroidManifest.xml
		INJECTED from src\main\AndroidManifest.xml
	android:versionName
		ADDED from src\main\AndroidManifest.xml:5:5-30
		INJECTED from src\main\AndroidManifest.xml
		INJECTED from src\main\AndroidManifest.xml
	android:versionCode
		ADDED from src\main\AndroidManifest.xml:4:5-28
		INJECTED from src\main\AndroidManifest.xml
		INJECTED from src\main\AndroidManifest.xml
	xmlns:android
		ADDED from src\main\AndroidManifest.xml:2:11-69
uses-sdk
ADDED from src\main\AndroidManifest.xml:7:5-9:41
	android:targetSdkVersion
		ADDED from src\main\AndroidManifest.xml:9:9-38
		INJECTED from src\main\AndroidManifest.xml
		INJECTED from src\main\AndroidManifest.xml
	android:minSdkVersion
		ADDED from src\main\AndroidManifest.xml:8:9-35
		INJECTED from src\main\AndroidManifest.xml
		INJECTED from src\main\AndroidManifest.xml
android:uses-permission#android.permission.WRITE_EXTERNAL_STORAGE
ADDED from src\main\AndroidManifest.xml:11:5-89
	android:name
		ADDED from src\main\AndroidManifest.xml:11:30-86
android:uses-permission#android.permission.READ_PHONE_STATE
ADDED from src\main\AndroidManifest.xml:12:5-83
	android:name
		ADDED from src\main\AndroidManifest.xml:12:30-80
android:uses-permission#android.permission.READ_EXTERNAL_STORAGE
ADDED from src\main\AndroidManifest.xml:13:5-88
	android:name
		ADDED from src\main\AndroidManifest.xml:13:30-85
uses-permission#android.permission.INTERNET
ADDED from src\main\AndroidManifest.xml:15:5-67
	android:name
		ADDED from src\main\AndroidManifest.xml:15:22-64
uses-permission#android.permission.ACCESS_NETWORK_STATE
ADDED from src\main\AndroidManifest.xml:16:5-79
	android:name
		ADDED from src\main\AndroidManifest.xml:16:22-76
application
ADDED from src\main\AndroidManifest.xml:20:5-67:19
	android:label
		ADDED from src\main\AndroidManifest.xml:23:9-41
	android:allowBackup
		ADDED from src\main\AndroidManifest.xml:21:9-35
	android:icon
		ADDED from src\main\AndroidManifest.xml:22:9-45
	android:theme
		ADDED from src\main\AndroidManifest.xml:24:9-40
meta-data#com.parse.CLIENT_KEY
ADDED from src\main\AndroidManifest.xml:25:9-27:72
	android:value
		ADDED from src\main\AndroidManifest.xml:27:13-69
	android:name
		ADDED from src\main\AndroidManifest.xml:26:13-48
meta-data#com.parse.APPLICATION_ID
ADDED from src\main\AndroidManifest.xml:28:9-30:68
	android:value
		ADDED from src\main\AndroidManifest.xml:30:9-65
	android:name
		ADDED from src\main\AndroidManifest.xml:29:9-48
activity#com.example.mipo.MainActivity
ADDED from src\main\AndroidManifest.xml:31:9-39:20
	android:label
		ADDED from src\main\AndroidManifest.xml:33:13-45
	android:name
		ADDED from src\main\AndroidManifest.xml:32:13-57
intent-filter#android.intent.action.MAIN+android.intent.category.LAUNCHER
ADDED from src\main\AndroidManifest.xml:34:13-38:29
action#android.intent.action.MAIN
ADDED from src\main\AndroidManifest.xml:35:17-69
	android:name
		ADDED from src\main\AndroidManifest.xml:35:25-66
category#android.intent.category.LAUNCHER
ADDED from src\main\AndroidManifest.xml:37:17-77
	android:name
		ADDED from src\main\AndroidManifest.xml:37:27-74
activity#com.example.mipo.UserPage
ADDED from src\main\AndroidManifest.xml:40:9-42:15
	android:name
		ADDED from src\main\AndroidManifest.xml:41:13-53
activity#com.example.mipo.DetailedProfileActivity
ADDED from src\main\AndroidManifest.xml:43:9-45:16
	android:name
		ADDED from src\main\AndroidManifest.xml:44:13-68
activity#com.example.mipo.FavoritesPage
ADDED from src\main\AndroidManifest.xml:46:9-48:16
	android:name
		ADDED from src\main\AndroidManifest.xml:47:13-58
activity#com.example.mipo.LoginActivity
ADDED from src\main\AndroidManifest.xml:49:9-51:16
	android:name
		ADDED from src\main\AndroidManifest.xml:50:13-58
activity#com.example.mipo.ChatActivity
ADDED from src\main\AndroidManifest.xml:52:9-54:16
	android:name
		ADDED from src\main\AndroidManifest.xml:53:13-57
activity#com.example.mipo.MainPageActivity
ADDED from src\main\AndroidManifest.xml:55:9-57:16
	android:name
		ADDED from src\main\AndroidManifest.xml:56:13-61
activity#com.example.mipo.FileTestActivity
ADDED from src\main\AndroidManifest.xml:58:9-60:16
	android:name
		ADDED from src\main\AndroidManifest.xml:59:13-61
activity#com.example.mipo.MessagesRoom
ADDED from src\main\AndroidManifest.xml:61:9-63:16
	android:name
		ADDED from src\main\AndroidManifest.xml:62:13-57
activity#com.example.mipo.FilterActivity
ADDED from src\main\AndroidManifest.xml:64:9-66:25
	android:name
		ADDED from src\main\AndroidManifest.xml:65:13-59